[www.shorturl.at/index.html]
[backblue.gif]
[fade.gif]
[index.html]
[www.shorturl.at/favicon.ico]
[t.seedtag.com/t/0637-8995-01.js]
[tags.refinery89.com/shorturlat.js]
[www.shorturl.at/img/rebrandly-logo.svg]
[www.shorturl.at/url-click-counter.html]
[www.shorturl.at/img/icon-like.png]
[www.shorturl.at/img/icon-url.png]
[www.shorturl.at/img/icon-secure.png]
[www.shorturl.at/img/icon-statistics.png]
[www.shorturl.at/img/icon-unique.png]
[www.shorturl.at/img/icon-responsive.png]
[www.shorturl.at/report-malicious-url.html]
[www.shorturl.at/privacy-policy.html]
[www.shorturl.at/contact.html]
[www.shorturl.at/terms-of-service.html]
[www.shorturl.at/index.html]
[www.shorturl.at/img/rebrandly-logo.svg]
[www.shorturl.at/url-click-counter.html]
[www.shorturl.at/report-malicious-url.html]
[www.shorturl.at/terms-of-service.html]
[www.shorturl.at/privacy-policy.html]
[www.shorturl.at/cdn-cgi/scripts/7d0fa10a/cloudflare-static/rocket-loader.min.js]
[www.shorturl.at/contact.html]
[js.hcaptcha.com/1/api.js]
[s3.amazonaws.com/scripts-clickmeter-com/js/pixelNew.js]
